<?xml version="1.0" encoding="utf-8"?><testsuites><testsuite name="pytest" errors="0" failures="0" skipped="0" tests="25" time="2.588" timestamp="2025-08-23T17:44:25.075856+00:00" hostname="8ed024845356"><testcase classname="tests.test_concurrency.TestConcurrentSales" name="test_two_competing_sales_one_wins" time="0.500" /><testcase classname="tests.test_concurrency.TestConcurrentSales" name="test_many_parallel_sales_total_never_exceeds_stock" time="0.089" /><testcase classname="tests.test_concurrency.TestConcurrentSales" name="test_exact_split_parallel_both_succeed" time="0.059" /><testcase classname="tests.test_concurrent_price_change.TestConcurrentPriceChange" name="test_sale_captures_price_at_time_of_sale" time="0.067" /><testcase classname="tests.test_concurrent_price_change.TestConcurrentPriceChange" name="test_multiple_runs_eventually_observe_both_prices" time="0.147" /><testcase classname="tests.test_concurrent_refill_vs_sale.TestRefillVsSaleConcurrency" name="test_refill_happens_before_sale_sale_succeeds" time="0.079" /><testcase classname="tests.test_concurrent_refill_vs_sale.TestRefillVsSaleConcurrency" name="test_sale_attempts_before_refill_sale_fails_then_refill_commits" time="0.080" /><testcase classname="tests.test_concurrent_refill_vs_sale.TestRefillVsSaleConcurrency" name="test_many_sales_with_interleaved_refill_never_exceeds_total_available" time="0.073" /><testcase classname="tests.test_duplicate_create.TestDuplicateCreate" name="test_duplicate_fuel_type_returns_409" time="0.060" /><testcase classname="tests.test_error_payloads.TestErrorPayloads" name="test_404_not_found_route" time="0.045" /><testcase classname="tests.test_error_payloads.TestErrorPayloads" name="test_400_bad_request_validation" time="0.047" /><testcase classname="tests.test_error_payloads.TestErrorPayloads" name="test_409_conflict_insufficient_stock" time="0.054" /><testcase classname="tests.test_error_payloads.TestErrorPayloads" name="test_500_internal_error_with_mock" time="0.053" /><testcase classname="tests.test_errors_with_mock.TestInternalErrors" name="test_sales_internal_error" time="0.048" /><testcase classname="tests.test_exact_stock_depletions.TestExactStockDepletion" name="test_sell_exact_remaining_then_fail_next" time="0.066" /><testcase classname="tests.test_meta_endpoints.TestMetaEndpoints" name="test_health_ok" time="0.046" /><testcase classname="tests.test_meta_endpoints.TestMetaEndpoints" name="test_index_lists_endpoints" time="0.043" /><testcase classname="tests.test_not_found_and_conflicts.TestNotFoundAndConflicts" name="test_refill_unknown_fuel_type" time="0.050" /><testcase classname="tests.test_not_found_and_conflicts.TestNotFoundAndConflicts" name="test_oversell_conflict" time="0.056" /><testcase classname="tests.test_price_locking.TestPriceLocking" name="test_sale_uses_current_price_at_time_of_sale" time="0.068" /><testcase classname="tests.test_reporting.TestReportingAPI" name="test_reporting_endpoints" time="0.084" /><testcase classname="tests.test_sales_pass.TestSalesPass" name="test_create_refill_sell_flow" time="0.066" /><testcase classname="tests.test_validations.TestValidations" name="test_create_fuel_type_negative_price" time="0.048" /><testcase classname="tests.test_validations.TestValidations" name="test_refill_nonpositive_litres" time="0.055" /><testcase classname="tests.test_validations.TestValidations" name="test_update_price_negative" time="0.051" /></testsuite></testsuites>